# JRE version: OpenJDK Runtime Environment Homebrew (11.0.12) (build 11.0.12+0)
# Java VM: OpenJDK 64-Bit Server VM Homebrew (11.0.12+0, mixed mode, tiered, compressed oops, g1 gc, bsd-aarch64)
Heap:
 garbage-first heap   total 262144K, used 133886K [0x0000000740000000, 0x00000007c0000000)
  region size 1024K, 124 young (126976K), 2 survivors (2048K)
 Metaspace       used 14759K, capacity 15112K, committed 15360K, reserved 1062912K
  class space    used 1532K, capacity 1676K, committed 1792K, reserved 1048576K
GC Heap History (12 events):
Event: 0.623 GC heap before
{Heap before GC invocations=0 (full 0):
 garbage-first heap   total 262144K, used 11264K [0x0000000740000000, 0x00000007c0000000)
  region size 1024K, 12 young (12288K), 0 survivors (0K)
 Metaspace       used 6891K, capacity 6998K, committed 7168K, reserved 1056768K
  class space    used 611K, capacity 655K, committed 768K, reserved 1048576K
}
Event: 0.630 GC heap after
{Heap after GC invocations=1 (full 0):
 garbage-first heap   total 262144K, used 6993K [0x0000000740000000, 0x00000007c0000000)
  region size 1024K, 2 young (2048K), 2 survivors (2048K)
 Metaspace       used 6891K, capacity 6998K, committed 7168K, reserved 1056768K
  class space    used 611K, capacity 655K, committed 768K, reserved 1048576K
}
Event: 1.083 GC heap before
{Heap before GC invocations=1 (full 0):
 garbage-first heap   total 262144K, used 17233K [0x0000000740000000, 0x00000007c0000000)
  region size 1024K, 12 young (12288K), 2 survivors (2048K)
 Metaspace       used 13238K, capacity 13525K, committed 13824K, reserved 1060864K
  class space    used 1352K, capacity 1459K, committed 1536K, reserved 1048576K
}
Event: 1.086 GC heap after
{Heap after GC invocations=2 (full 0):
 garbage-first heap   total 262144K, used 8837K [0x0000000740000000, 0x00000007c0000000)
  region size 1024K, 2 young (2048K), 2 survivors (2048K)
 Metaspace       used 13238K, capacity 13525K, committed 13824K, reserved 1060864K
  class space    used 1352K, capacity 1459K, committed 1536K, reserved 1048576K
}
Event: 1.218 GC heap before
{Heap before GC invocations=2 (full 0):
 garbage-first heap   total 262144K, used 18053K [0x0000000740000000, 0x00000007c0000000)
  region size 1024K, 12 young (12288K), 2 survivors (2048K)
 Metaspace       used 14626K, capacity 14980K, committed 15104K, reserved 1062912K
  class space    used 1531K, capacity 1676K, committed 1792K, reserved 1048576K
}
Event: 1.220 GC heap after
{Heap after GC invocations=3 (full 0):
 garbage-first heap   total 262144K, used 9539K [0x0000000740000000, 0x00000007c0000000)
  region size 1024K, 1 young (1024K), 1 survivors (1024K)
 Metaspace       used 14626K, capacity 14980K, committed 15104K, reserved 1062912K
  class space    used 1531K, capacity 1676K, committed 1792K, reserved 1048576K
}
Event: 1.268 GC heap before
{Heap before GC invocations=3 (full 0):
 garbage-first heap   total 262144K, used 19779K [0x0000000740000000, 0x00000007c0000000)
  region size 1024K, 12 young (12288K), 1 survivors (1024K)
 Metaspace       used 14693K, capacity 15048K, committed 15360K, reserved 1062912K
  class space    used 1532K, capacity 1676K, committed 1792K, reserved 1048576K
}
Event: 1.268 GC heap after
{Heap after GC invocations=4 (full 0):
 garbage-first heap   total 262144K, used 9580K [0x0000000740000000, 0x00000007c0000000)
  region size 1024K, 1 young (1024K), 1 survivors (1024K)
 Metaspace       used 14693K, capacity 15048K, committed 15360K, reserved 1062912K
  class space    used 1532K, capacity 1676K, committed 1792K, reserved 1048576K
}
Event: 1.305 GC heap before
{Heap before GC invocations=4 (full 0):
 garbage-first heap   total 262144K, used 20844K [0x0000000740000000, 0x00000007c0000000)
  region size 1024K, 13 young (13312K), 1 survivors (1024K)
 Metaspace       used 14694K, capacity 15048K, committed 15360K, reserved 1062912K
  class space    used 1532K, capacity 1676K, committed 1792K, reserved 1048576K
}
Event: 1.306 GC heap after
{Heap after GC invocations=5 (full 0):
 garbage-first heap   total 262144K, used 9802K [0x0000000740000000, 0x00000007c0000000)
  region size 1024K, 1 young (1024K), 1 survivors (1024K)
 Metaspace       used 14694K, capacity 15048K, committed 15360K, reserved 1062912K
  class space    used 1532K, capacity 1676K, committed 1792K, reserved 1048576K
}
Event: 1.353 GC heap before
{Heap before GC invocations=5 (full 0):
 garbage-first heap   total 262144K, used 23114K [0x0000000740000000, 0x00000007c0000000)
  region size 1024K, 15 young (15360K), 1 survivors (1024K)
 Metaspace       used 14701K, capacity 15048K, committed 15360K, reserved 1062912K
  class space    used 1532K, capacity 1676K, committed 1792K, reserved 1048576K
}
Event: 1.354 GC heap after
{Heap after GC invocations=6 (full 0):
 garbage-first heap   total 262144K, used 9982K [0x0000000740000000, 0x00000007c0000000)
  region size 1024K, 2 young (2048K), 2 survivors (2048K)
 Metaspace       used 14701K, capacity 15048K, committed 15360K, reserved 1062912K
  class space    used 1532K, capacity 1676K, committed 1792K, reserved 1048576K
}

