# JRE version: OpenJDK Runtime Environment Homebrew (11.0.12) (build 11.0.12+0)
# Java VM: OpenJDK 64-Bit Server VM Homebrew (11.0.12+0, mixed mode, tiered, compressed oops, g1 gc, bsd-aarch64)
Heap:
 garbage-first heap   total 262144K, used 164990K [0x0000000740000000, 0x00000007c0000000)
  region size 1024K, 153 young (156672K), 2 survivors (2048K)
 Metaspace       used 14732K, capacity 15068K, committed 15232K, reserved 1062912K
  class space    used 1522K, capacity 1660K, committed 1664K, reserved 1048576K
GC Heap History (18 events):
Event: 0.419 GC heap before
{Heap before GC invocations=0 (full 0):
 garbage-first heap   total 262144K, used 11264K [0x0000000740000000, 0x00000007c0000000)
  region size 1024K, 12 young (12288K), 0 survivors (0K)
 Metaspace       used 6888K, capacity 6998K, committed 7168K, reserved 1056768K
  class space    used 611K, capacity 655K, committed 768K, reserved 1048576K
}
Event: 0.422 GC heap after
{Heap after GC invocations=1 (full 0):
 garbage-first heap   total 262144K, used 7186K [0x0000000740000000, 0x00000007c0000000)
  region size 1024K, 2 young (2048K), 2 survivors (2048K)
 Metaspace       used 6888K, capacity 6998K, committed 7168K, reserved 1056768K
  class space    used 611K, capacity 655K, committed 768K, reserved 1048576K
}
Event: 0.815 GC heap before
{Heap before GC invocations=1 (full 0):
 garbage-first heap   total 262144K, used 17426K [0x0000000740000000, 0x00000007c0000000)
  region size 1024K, 12 young (12288K), 2 survivors (2048K)
 Metaspace       used 13219K, capacity 13460K, committed 13568K, reserved 1060864K
  class space    used 1352K, capacity 1459K, committed 1536K, reserved 1048576K
}
Event: 0.821 GC heap after
{Heap after GC invocations=2 (full 0):
 garbage-first heap   total 262144K, used 9081K [0x0000000740000000, 0x00000007c0000000)
  region size 1024K, 2 young (2048K), 2 survivors (2048K)
 Metaspace       used 13219K, capacity 13460K, committed 13568K, reserved 1060864K
  class space    used 1352K, capacity 1459K, committed 1536K, reserved 1048576K
}
Event: 1.129 GC heap before
{Heap before GC invocations=2 (full 0):
 garbage-first heap   total 262144K, used 19321K [0x0000000740000000, 0x00000007c0000000)
  region size 1024K, 12 young (12288K), 2 survivors (2048K)
 Metaspace       used 14592K, capacity 14936K, committed 14976K, reserved 1062912K
  class space    used 1522K, capacity 1660K, committed 1664K, reserved 1048576K
}
Event: 1.131 GC heap after
{Heap after GC invocations=3 (full 0):
 garbage-first heap   total 262144K, used 9915K [0x0000000740000000, 0x00000007c0000000)
  region size 1024K, 1 young (1024K), 1 survivors (1024K)
 Metaspace       used 14592K, capacity 14936K, committed 14976K, reserved 1062912K
  class space    used 1522K, capacity 1660K, committed 1664K, reserved 1048576K
}
Event: 1.157 GC heap before
{Heap before GC invocations=3 (full 0):
 garbage-first heap   total 262144K, used 21179K [0x0000000740000000, 0x00000007c0000000)
  region size 1024K, 12 young (12288K), 1 survivors (1024K)
 Metaspace       used 14635K, capacity 15003K, committed 15232K, reserved 1062912K
  class space    used 1522K, capacity 1660K, committed 1664K, reserved 1048576K
}
Event: 1.158 GC heap after
{Heap after GC invocations=4 (full 0):
 garbage-first heap   total 262144K, used 9743K [0x0000000740000000, 0x00000007c0000000)
  region size 1024K, 1 young (1024K), 1 survivors (1024K)
 Metaspace       used 14635K, capacity 15003K, committed 15232K, reserved 1062912K
  class space    used 1522K, capacity 1660K, committed 1664K, reserved 1048576K
}
Event: 1.181 GC heap before
{Heap before GC invocations=4 (full 0):
 garbage-first heap   total 262144K, used 19983K [0x0000000740000000, 0x00000007c0000000)
  region size 1024K, 12 young (12288K), 1 survivors (1024K)
 Metaspace       used 14661K, capacity 15004K, committed 15232K, reserved 1062912K
  class space    used 1522K, capacity 1660K, committed 1664K, reserved 1048576K
}
Event: 1.182 GC heap after
{Heap after GC invocations=5 (full 0):
 garbage-first heap   total 262144K, used 9787K [0x0000000740000000, 0x00000007c0000000)
  region size 1024K, 1 young (1024K), 1 survivors (1024K)
 Metaspace       used 14661K, capacity 15004K, committed 15232K, reserved 1062912K
  class space    used 1522K, capacity 1660K, committed 1664K, reserved 1048576K
}
Event: 1.224 GC heap before
{Heap before GC invocations=5 (full 0):
 garbage-first heap   total 262144K, used 22075K [0x0000000740000000, 0x00000007c0000000)
  region size 1024K, 14 young (14336K), 1 survivors (1024K)
 Metaspace       used 14670K, capacity 15004K, committed 15232K, reserved 1062912K
  class space    used 1522K, capacity 1660K, committed 1664K, reserved 1048576K
}
Event: 1.226 GC heap after
{Heap after GC invocations=6 (full 0):
 garbage-first heap   total 262144K, used 10038K [0x0000000740000000, 0x00000007c0000000)
  region size 1024K, 1 young (1024K), 1 survivors (1024K)
 Metaspace       used 14670K, capacity 15004K, committed 15232K, reserved 1062912K
  class space    used 1522K, capacity 1660K, committed 1664K, reserved 1048576K
}
Event: 1.271 GC heap before
{Heap before GC invocations=6 (full 0):
 garbage-first heap   total 262144K, used 24374K [0x0000000740000000, 0x00000007c0000000)
  region size 1024K, 15 young (15360K), 1 survivors (1024K)
 Metaspace       used 14673K, capacity 15004K, committed 15232K, reserved 1062912K
  class space    used 1522K, capacity 1660K, committed 1664K, reserved 1048576K
}
Event: 1.273 GC heap after
{Heap after GC invocations=7 (full 0):
 garbage-first heap   total 262144K, used 10183K [0x0000000740000000, 0x00000007c0000000)
  region size 1024K, 2 young (2048K), 2 survivors (2048K)
 Metaspace       used 14673K, capacity 15004K, committed 15232K, reserved 1062912K
  class space    used 1522K, capacity 1660K, committed 1664K, reserved 1048576K
}
Event: 1.338 GC heap before
{Heap before GC invocations=7 (full 0):
 garbage-first heap   total 262144K, used 27591K [0x0000000740000000, 0x00000007c0000000)
  region size 1024K, 19 young (19456K), 2 survivors (2048K)
 Metaspace       used 14676K, capacity 15004K, committed 15232K, reserved 1062912K
  class space    used 1522K, capacity 1660K, committed 1664K, reserved 1048576K
}
Event: 1.345 GC heap after
{Heap after GC invocations=8 (full 0):
 garbage-first heap   total 262144K, used 10070K [0x0000000740000000, 0x00000007c0000000)
  region size 1024K, 2 young (2048K), 2 survivors (2048K)
 Metaspace       used 14676K, capacity 15004K, committed 15232K, reserved 1062912K
  class space    used 1522K, capacity 1660K, committed 1664K, reserved 1048576K
}
Event: 1.551 GC heap before
{Heap before GC invocations=8 (full 0):
 garbage-first heap   total 262144K, used 65366K [0x0000000740000000, 0x00000007c0000000)
  region size 1024K, 58 young (59392K), 2 survivors (2048K)
 Metaspace       used 14684K, capacity 15004K, committed 15232K, reserved 1062912K
  class space    used 1522K, capacity 1660K, committed 1664K, reserved 1048576K
}
Event: 1.554 GC heap after
{Heap after GC invocations=9 (full 0):
 garbage-first heap   total 262144K, used 10366K [0x0000000740000000, 0x00000007c0000000)
  region size 1024K, 2 young (2048K), 2 survivors (2048K)
 Metaspace       used 14684K, capacity 15004K, committed 15232K, reserved 1062912K
  class space    used 1522K, capacity 1660K, committed 1664K, reserved 1048576K
}

